
 NX   Running target build for 2 projects:

- shop
- cart



> nx run shop:build:development

[ Module Federation Manifest Plugin ]: Manifest will use absolute path resolution via its host at runtime, reason: publicPath='auto'
Unable to compile federated types, Error: compile TS failed, the original command is 'npx tsc --project C:\Users\covr\OneDrive - gmv.com\Desktop\Cosme (Local)\ReactProjects\monorepos\nx\nx-attempt-4-ddd\apps\shop\node_modules\.federation\tsconfig.1cbca6f6-1c49-40b0-aa02-1b9797f63c80.json'
Error: ENOENT: no such file or directory, open 'C:\Users\covr\OneDrive - gmv.com\Desktop\Cosme (Local)\ReactProjects\monorepos\nx\nx-attempt-4-ddd\apps\shop\dist\@mf-types.zip'
    at Object.openSync (node:fs:573:18)
    at Object.readFileSync (node:fs:452:35)
    at _GenerateTypesPlugin.<anonymous> (C:\Users\covr\OneDrive - gmv.com\Desktop\Cosme (Local)\ReactProjects\monorepos\nx\nx-attempt-4-ddd\node_modules\@module-federation\dts-plugin\dist\index.js:2470:140)
    at Generator.next (<anonymous>)
    at fulfilled (C:\Users\covr\OneDrive - gmv.com\Desktop\Cosme (Local)\ReactProjects\monorepos\nx\nx-attempt-4-ddd\node_modules\@module-federation\dts-plugin\dist\index.js:54:24)
    at processTicksAndRejections (node:internal/process/task_queues:95:5) {
  errno: -4058,
  code: 'ENOENT',
  syscall: 'open',
  path: 'C:\\Users\\covr\\OneDrive - gmv.com\\Desktop\\Cosme (Local)\\ReactProjects\\monorepos\\nx\\nx-attempt-4-ddd\\apps\\shop\\dist\\@mf-types.zip'
}
Entrypoint main 69.2 KiB (272 KiB) = main.js 1 auxiliary asset
Entrypoint styles 69 KiB (272 KiB) = styles.css 119 bytes styles.js 68.9 KiB 2 auxiliary assets
Entrypoint shop 69.7 KiB (274 KiB) = remoteEntry.js 1 auxiliary asset
chunk (runtime: main, shop, styles) 485.js (id hint: vendors) 134 KiB [rendered] reused as split chunk (cache group: defaultVendors)
chunk (runtime: main, shop, styles) 552.js 6.95 KiB [rendered]
chunk (runtime: main, shop, styles) 42 bytes reused as split chunk (cache group: default)
chunk (runtime: main) main.js (main) 165 KiB (javascript) 84 bytes (share-init) 10.7 KiB (runtime) [entry] [rendered]
chunk (runtime: main) 794.js 2.64 KiB (javascript) 42 bytes (consume-shared) [rendered]
chunk (runtime: styles) styles.css, styles.js (styles) 165 KiB (javascript) 80 bytes (css/mini-extract) 84 bytes (share-init) 10.3 KiB (runtime) [entry] [rendered]
chunk (runtime: shop) remoteEntry.js (shop) 165 KiB (javascript) 84 bytes (share-init) 10.6 KiB (runtime) [entry] [rendered]
chunk (runtime: shop) __federation_expose_Module.js (__federation_expose_Module) 1.76 KiB [rendered]
webpack compiled successfully (03e00b2e48448d20)

> nx run cart:build:development

[ Module Federation Manifest Plugin ]: Manifest will use absolute path resolution via its host at runtime, reason: publicPath='auto'
Unable to compile federated types, Error: compile TS failed, the original command is 'npx tsc --project C:\Users\covr\OneDrive - gmv.com\Desktop\Cosme (Local)\ReactProjects\monorepos\nx\nx-attempt-4-ddd\apps\cart\node_modules\.federation\tsconfig.c1fa8ddc-9d90-48cf-bc6e-1f500fcf2439.json'
Error: ENOENT: no such file or directory, open 'C:\Users\covr\OneDrive - gmv.com\Desktop\Cosme (Local)\ReactProjects\monorepos\nx\nx-attempt-4-ddd\apps\cart\dist\@mf-types.zip'
    at Object.openSync (node:fs:573:18)
    at Object.readFileSync (node:fs:452:35)
    at _GenerateTypesPlugin.<anonymous> (C:\Users\covr\OneDrive - gmv.com\Desktop\Cosme (Local)\ReactProjects\monorepos\nx\nx-attempt-4-ddd\node_modules\@module-federation\dts-plugin\dist\index.js:2470:140)
    at Generator.next (<anonymous>)
    at fulfilled (C:\Users\covr\OneDrive - gmv.com\Desktop\Cosme (Local)\ReactProjects\monorepos\nx\nx-attempt-4-ddd\node_modules\@module-federation\dts-plugin\dist\index.js:54:24)
    at processTicksAndRejections (node:internal/process/task_queues:95:5) {
  errno: -4058,
  code: 'ENOENT',
  syscall: 'open',
  path: 'C:\\Users\\covr\\OneDrive - gmv.com\\Desktop\\Cosme (Local)\\ReactProjects\\monorepos\\nx\\nx-attempt-4-ddd\\apps\\cart\\dist\\@mf-types.zip'
}
Entrypoint main 69.2 KiB (272 KiB) = main.js 1 auxiliary asset
Entrypoint styles 69 KiB (272 KiB) = styles.css 119 bytes styles.js 68.9 KiB 2 auxiliary assets
Entrypoint cart 69.7 KiB (274 KiB) = remoteEntry.js 1 auxiliary asset
chunk (runtime: cart, main, styles) 485.js (id hint: vendors) 134 KiB [rendered] reused as split chunk (cache group: defaultVendors)
chunk (runtime: cart, main, styles) 552.js 6.95 KiB [rendered]
chunk (runtime: cart, main, styles) 42 bytes reused as split chunk (cache group: default)
chunk (runtime: main) main.js (main) 165 KiB (javascript) 84 bytes (share-init) 10.7 KiB (runtime) [entry] [rendered]
chunk (runtime: main) 794.js 2.58 KiB (javascript) 42 bytes (consume-shared) [rendered]
chunk (runtime: styles) styles.css, styles.js (styles) 165 KiB (javascript) 80 bytes (css/mini-extract) 84 bytes (share-init) 10.3 KiB (runtime) [entry] [rendered]
chunk (runtime: cart) __federation_expose_Module.js (__federation_expose_Module) 1.71 KiB [rendered]
chunk (runtime: cart) remoteEntry.js (cart) 165 KiB (javascript) 84 bytes (share-init) 10.6 KiB (runtime) [entry] [rendered]
webpack compiled successfully (45a12f0e658ea218)



 NX   Successfully ran target build for 2 projects


